<?xml version="1.0" encoding="UTF-8"?>
<!-- Generated by org.testng.reporters.JUnitReportReporter -->
<testsuite skipped="0" hostname="Waqass-MBP.fios-router.home" name="com.Test.Hello" tests="1" failures="0" timestamp="02 Dec 2018 04:42:43 GMT" time="2.992" errors="0">
  <testcase name="testCase" time="2.992" classname="com.Test.Hello"/>
</testsuite> <!-- com.Test.Hello -->
